This file contains any messages produced by compilers while
running configure, to aid debugging if configure makes a mistake.

It was created by libmca configure 1.0.1, which was
generated by GNU Autoconf 2.68.  Invocation command line was

  $ ./configure --no-create --no-recursion

## --------- ##
## Platform. ##
## --------- ##

hostname = mfre7704
uname -m = i686
uname -r = 3.2.0-67-generic-pae
uname -s = Linux
uname -v = #101-Ubuntu SMP Tue Jul 15 18:04:54 UTC 2014

/usr/bin/uname -p = unknown
/bin/uname -X     = unknown

/bin/arch              = unknown
/usr/bin/arch -k       = unknown
/usr/convex/getsysinfo = unknown
/usr/bin/hostinfo      = unknown
/bin/machine           = unknown
/usr/bin/oslevel       = unknown
/bin/universe          = unknown

PATH: /usr/local/sbin
PATH: /usr/local/bin
PATH: /usr/sbin
PATH: /usr/bin
PATH: /sbin
PATH: /bin


## ----------- ##
## Core tests. ##
## ----------- ##

configure:2367: checking for a BSD-compatible install
configure:2435: result: /usr/bin/install -c
configure:2446: checking whether build environment is sane
configure:2496: result: yes
configure:2637: checking for a thread-safe mkdir -p
configure:2676: result: /bin/mkdir -p
configure:2689: checking for gawk
configure:2705: found /usr/local/bin/gawk
configure:2716: result: gawk
configure:2727: checking whether make sets $(MAKE)
configure:2749: result: yes
configure:2860: checking build system type
configure:2874: result: i686-pc-linux-gnu
configure:2894: checking host system type
configure:2907: result: i686-pc-linux-gnu
configure:2948: checking how to print strings
configure:2975: result: printf
configure:3008: checking for style of include used by make
configure:3036: result: GNU
configure:3107: checking for gcc
configure:3123: found /usr/bin/gcc
configure:3134: result: gcc
configure:3363: checking for C compiler version
configure:3372: gcc --version >&5
gcc (Ubuntu/Linaro 4.6.3-1ubuntu5) 4.6.3
Copyright (C) 2011 Free Software Foundation, Inc.
This is free software; see the source for copying conditions.  There is NO
warranty; not even for MERCHANTABILITY or FITNESS FOR A PARTICULAR PURPOSE.

configure:3383: $? = 0
configure:3372: gcc -v >&5
Using built-in specs.
COLLECT_GCC=gcc
COLLECT_LTO_WRAPPER=/usr/lib/gcc/i686-linux-gnu/4.6/lto-wrapper
Target: i686-linux-gnu
Configured with: ../src/configure -v --with-pkgversion='Ubuntu/Linaro 4.6.3-1ubuntu5' --with-bugurl=file:///usr/share/doc/gcc-4.6/README.Bugs --enable-languages=c,c++,fortran,objc,obj-c++ --prefix=/usr --program-suffix=-4.6 --enable-shared --enable-linker-build-id --with-system-zlib --libexecdir=/usr/lib --without-included-gettext --enable-threads=posix --with-gxx-include-dir=/usr/include/c++/4.6 --libdir=/usr/lib --enable-nls --with-sysroot=/ --enable-clocale=gnu --enable-libstdcxx-debug --enable-libstdcxx-time=yes --enable-gnu-unique-object --enable-plugin --enable-objc-gc --enable-targets=all --disable-werror --with-arch-32=i686 --with-tune=generic --enable-checking=release --build=i686-linux-gnu --host=i686-linux-gnu --target=i686-linux-gnu
Thread model: posix
gcc version 4.6.3 (Ubuntu/Linaro 4.6.3-1ubuntu5) 
configure:3383: $? = 0
configure:3372: gcc -V >&5
gcc: error: unrecognized option '-V'
gcc: fatal error: no input files
compilation terminated.
configure:3383: $? = 4
configure:3372: gcc -qversion >&5
gcc: error: unrecognized option '-qversion'
gcc: fatal error: no input files
compilation terminated.
configure:3383: $? = 4
configure:3403: checking whether the C compiler works
configure:3425: gcc    conftest.c  >&5
configure:3429: $? = 0
configure:3477: result: yes
configure:3480: checking for C compiler default output file name
configure:3482: result: a.out
configure:3488: checking for suffix of executables
configure:3495: gcc -o conftest    conftest.c  >&5
configure:3499: $? = 0
configure:3521: result: 
configure:3543: checking whether we are cross compiling
configure:3551: gcc -o conftest    conftest.c  >&5
configure:3555: $? = 0
configure:3562: ./conftest
configure:3566: $? = 0
configure:3581: result: no
configure:3586: checking for suffix of object files
configure:3608: gcc -c   conftest.c >&5
configure:3612: $? = 0
configure:3633: result: o
configure:3637: checking whether we are using the GNU C compiler
configure:3656: gcc -c   conftest.c >&5
configure:3656: $? = 0
configure:3665: result: yes
configure:3674: checking whether gcc accepts -g
configure:3694: gcc -c -g  conftest.c >&5
configure:3694: $? = 0
configure:3735: result: yes
configure:3752: checking for gcc option to accept ISO C89
configure:3816: gcc  -c -g -O2  conftest.c >&5
configure:3816: $? = 0
configure:3829: result: none needed
configure:3851: checking dependency style of gcc
configure:3962: result: gcc3
configure:3977: checking for a sed that does not truncate output
configure:4041: result: /bin/sed
configure:4059: checking for grep that handles long lines and -e
configure:4117: result: /bin/grep
configure:4122: checking for egrep
configure:4184: result: /bin/grep -E
configure:4189: checking for fgrep
configure:4251: result: /bin/grep -F
configure:4286: checking for ld used by gcc
configure:4353: result: /usr/bin/ld
configure:4360: checking if the linker (/usr/bin/ld) is GNU ld
configure:4375: result: yes
configure:4387: checking for BSD- or MS-compatible name lister (nm)
configure:4436: result: /usr/bin/nm -B
configure:4566: checking the name lister (/usr/bin/nm -B) interface
configure:4573: gcc -c -g -O2  conftest.c >&5
configure:4576: /usr/bin/nm -B "conftest.o"
configure:4579: output
00000000 B some_variable
configure:4586: result: BSD nm
configure:4589: checking whether ln -s works
configure:4593: result: yes
configure:4601: checking the maximum length of command line arguments
configure:4731: result: 805306365
configure:4748: checking whether the shell understands some XSI constructs
configure:4758: result: yes
configure:4762: checking whether the shell understands "+="
configure:4768: result: yes
configure:4803: checking how to convert i686-pc-linux-gnu file names to i686-pc-linux-gnu format
configure:4843: result: func_convert_file_noop
configure:4850: checking how to convert i686-pc-linux-gnu file names to toolchain format
configure:4870: result: func_convert_file_noop
configure:4877: checking for /usr/bin/ld option to reload object files
configure:4884: result: -r
configure:4958: checking for objdump
configure:4974: found /usr/bin/objdump
configure:4985: result: objdump
configure:5017: checking how to recognize dependent libraries
configure:5219: result: pass_all
configure:5304: checking for dlltool
configure:5334: result: no
configure:5364: checking how to associate runtime and link libraries
configure:5391: result: printf %s\n
configure:5452: checking for ar
configure:5468: found /usr/bin/ar
configure:5479: result: ar
configure:5516: checking for archiver @FILE support
configure:5533: gcc -c -g -O2  conftest.c >&5
configure:5533: $? = 0
configure:5536: ar cru libconftest.a @conftest.lst >&5
configure:5539: $? = 0
configure:5544: ar cru libconftest.a @conftest.lst >&5
ar: conftest.o: No such file or directory
configure:5547: $? = 1
configure:5559: result: @
configure:5617: checking for strip
configure:5633: found /usr/bin/strip
configure:5644: result: strip
configure:5716: checking for ranlib
configure:5732: found /usr/bin/ranlib
configure:5743: result: ranlib
configure:5845: checking command to parse /usr/bin/nm -B output from gcc object
configure:5965: gcc -c -g -O2  conftest.c >&5
configure:5968: $? = 0
configure:5972: /usr/bin/nm -B conftest.o \| sed -n -e 's/^.*[ ]\([ABCDGIRSTW][ABCDGIRSTW]*\)[ ][ ]*\([_A-Za-z][_A-Za-z0-9]*\)$/\1 \2 \2/p' | sed '/ __gnu_lto/d' \> conftest.nm
configure:5975: $? = 0
configure:6041: gcc -o conftest -g -O2   conftest.c conftstm.o >&5
configure:6044: $? = 0
configure:6082: result: ok
configure:6119: checking for sysroot
configure:6149: result: no
configure:6405: checking for mt
configure:6421: found /bin/mt
configure:6432: result: mt
configure:6455: checking if mt is a manifest tool
configure:6461: mt '-?'
configure:6469: result: no
configure:7111: checking how to run the C preprocessor
configure:7142: gcc -E  conftest.c
configure:7142: $? = 0
configure:7156: gcc -E  conftest.c
conftest.c:11:28: fatal error: ac_nonexistent.h: No such file or directory
compilation terminated.
configure:7156: $? = 1
configure: failed program was:
| /* confdefs.h */
| #define PACKAGE_NAME "libmca"
| #define PACKAGE_TARNAME "libmca"
| #define PACKAGE_VERSION "1.0.1"
| #define PACKAGE_STRING "libmca 1.0.1"
| #define PACKAGE_BUGREPORT "michael.frechtling@sydney.edu.au"
| #define PACKAGE_URL ""
| #define PACKAGE "libmca"
| #define VERSION "1.0.1"
| /* end confdefs.h.  */
| #include <ac_nonexistent.h>
configure:7181: result: gcc -E
configure:7201: gcc -E  conftest.c
configure:7201: $? = 0
configure:7215: gcc -E  conftest.c
conftest.c:11:28: fatal error: ac_nonexistent.h: No such file or directory
compilation terminated.
configure:7215: $? = 1
configure: failed program was:
| /* confdefs.h */
| #define PACKAGE_NAME "libmca"
| #define PACKAGE_TARNAME "libmca"
| #define PACKAGE_VERSION "1.0.1"
| #define PACKAGE_STRING "libmca 1.0.1"
| #define PACKAGE_BUGREPORT "michael.frechtling@sydney.edu.au"
| #define PACKAGE_URL ""
| #define PACKAGE "libmca"
| #define VERSION "1.0.1"
| /* end confdefs.h.  */
| #include <ac_nonexistent.h>
configure:7244: checking for ANSI C header files
configure:7264: gcc -c -g -O2  conftest.c >&5
configure:7264: $? = 0
configure:7337: gcc -o conftest -g -O2   conftest.c  >&5
configure:7337: $? = 0
configure:7337: ./conftest
configure:7337: $? = 0
configure:7348: result: yes
configure:7361: checking for sys/types.h
configure:7361: gcc -c -g -O2  conftest.c >&5
configure:7361: $? = 0
configure:7361: result: yes
configure:7361: checking for sys/stat.h
configure:7361: gcc -c -g -O2  conftest.c >&5
configure:7361: $? = 0
configure:7361: result: yes
configure:7361: checking for stdlib.h
configure:7361: gcc -c -g -O2  conftest.c >&5
configure:7361: $? = 0
configure:7361: result: yes
configure:7361: checking for string.h
configure:7361: gcc -c -g -O2  conftest.c >&5
configure:7361: $? = 0
configure:7361: result: yes
configure:7361: checking for memory.h
configure:7361: gcc -c -g -O2  conftest.c >&5
configure:7361: $? = 0
configure:7361: result: yes
configure:7361: checking for strings.h
configure:7361: gcc -c -g -O2  conftest.c >&5
configure:7361: $? = 0
configure:7361: result: yes
configure:7361: checking for inttypes.h
configure:7361: gcc -c -g -O2  conftest.c >&5
configure:7361: $? = 0
configure:7361: result: yes
configure:7361: checking for stdint.h
configure:7361: gcc -c -g -O2  conftest.c >&5
configure:7361: $? = 0
configure:7361: result: yes
configure:7361: checking for unistd.h
configure:7361: gcc -c -g -O2  conftest.c >&5
configure:7361: $? = 0
configure:7361: result: yes
configure:7375: checking for dlfcn.h
configure:7375: gcc -c -g -O2  conftest.c >&5
configure:7375: $? = 0
configure:7375: result: yes
configure:7581: checking for objdir
configure:7596: result: .libs
configure:7867: checking if gcc supports -fno-rtti -fno-exceptions
configure:7885: gcc -c -g -O2  -fno-rtti -fno-exceptions conftest.c >&5
cc1: warning: command line option '-fno-rtti' is valid for C++/ObjC++ but not for C [enabled by default]
configure:7889: $? = 0
configure:7902: result: no
configure:8229: checking for gcc option to produce PIC
configure:8236: result: -fPIC -DPIC
configure:8244: checking if gcc PIC flag -fPIC -DPIC works
configure:8262: gcc -c -g -O2  -fPIC -DPIC -DPIC conftest.c >&5
configure:8266: $? = 0
configure:8279: result: yes
configure:8308: checking if gcc static flag -static works
configure:8336: result: yes
configure:8351: checking if gcc supports -c -o file.o
configure:8372: gcc -c -g -O2  -o out/conftest2.o conftest.c >&5
configure:8376: $? = 0
configure:8398: result: yes
configure:8406: checking if gcc supports -c -o file.o
configure:8453: result: yes
configure:8486: checking whether the gcc linker (/usr/bin/ld) supports shared libraries
configure:9643: result: yes
configure:9680: checking whether -lc should be explicitly linked in
configure:9688: gcc -c -g -O2  conftest.c >&5
configure:9691: $? = 0
configure:9706: gcc -shared  -fPIC -DPIC conftest.o  -v -Wl,-soname -Wl,conftest -o conftest 2\>\&1 \| /bin/grep  -lc  \>/dev/null 2\>\&1
configure:9709: $? = 0
configure:9723: result: no
configure:9883: checking dynamic linker characteristics
configure:10394: gcc -o conftest -g -O2   -Wl,-rpath -Wl,/foo conftest.c  >&5
configure:10394: $? = 0
configure:10628: result: GNU/Linux ld.so
configure:10735: checking how to hardcode library paths into programs
configure:10760: result: immediate
configure:11300: checking whether stripping libraries is possible
configure:11305: result: yes
configure:11340: checking if libtool supports shared libraries
configure:11342: result: yes
configure:11345: checking whether to build shared libraries
configure:11366: result: yes
configure:11369: checking whether to build static libraries
configure:11373: result: yes
configure:11462: checking for gcc
configure:11489: result: gcc
configure:11718: checking for C compiler version
configure:11727: gcc --version >&5
gcc (Ubuntu/Linaro 4.6.3-1ubuntu5) 4.6.3
Copyright (C) 2011 Free Software Foundation, Inc.
This is free software; see the source for copying conditions.  There is NO
warranty; not even for MERCHANTABILITY or FITNESS FOR A PARTICULAR PURPOSE.

configure:11738: $? = 0
configure:11727: gcc -v >&5
Using built-in specs.
COLLECT_GCC=gcc
COLLECT_LTO_WRAPPER=/usr/lib/gcc/i686-linux-gnu/4.6/lto-wrapper
Target: i686-linux-gnu
Configured with: ../src/configure -v --with-pkgversion='Ubuntu/Linaro 4.6.3-1ubuntu5' --with-bugurl=file:///usr/share/doc/gcc-4.6/README.Bugs --enable-languages=c,c++,fortran,objc,obj-c++ --prefix=/usr --program-suffix=-4.6 --enable-shared --enable-linker-build-id --with-system-zlib --libexecdir=/usr/lib --without-included-gettext --enable-threads=posix --with-gxx-include-dir=/usr/include/c++/4.6 --libdir=/usr/lib --enable-nls --with-sysroot=/ --enable-clocale=gnu --enable-libstdcxx-debug --enable-libstdcxx-time=yes --enable-gnu-unique-object --enable-plugin --enable-objc-gc --enable-targets=all --disable-werror --with-arch-32=i686 --with-tune=generic --enable-checking=release --build=i686-linux-gnu --host=i686-linux-gnu --target=i686-linux-gnu
Thread model: posix
gcc version 4.6.3 (Ubuntu/Linaro 4.6.3-1ubuntu5) 
configure:11738: $? = 0
configure:11727: gcc -V >&5
gcc: error: unrecognized option '-V'
gcc: fatal error: no input files
compilation terminated.
configure:11738: $? = 4
configure:11727: gcc -qversion >&5
gcc: error: unrecognized option '-qversion'
gcc: fatal error: no input files
compilation terminated.
configure:11738: $? = 4
configure:11742: checking whether we are using the GNU C compiler
configure:11770: result: yes
configure:11779: checking whether gcc accepts -g
configure:11840: result: yes
configure:11857: checking for gcc option to accept ISO C89
configure:11934: result: none needed
configure:11956: checking dependency style of gcc
configure:12067: result: gcc3
configure:12140: checking for g++
configure:12156: found /usr/bin/g++
configure:12167: result: g++
configure:12194: checking for C++ compiler version
configure:12203: g++ --version >&5
g++ (Ubuntu/Linaro 4.6.3-1ubuntu5) 4.6.3
Copyright (C) 2011 Free Software Foundation, Inc.
This is free software; see the source for copying conditions.  There is NO
warranty; not even for MERCHANTABILITY or FITNESS FOR A PARTICULAR PURPOSE.

configure:12214: $? = 0
configure:12203: g++ -v >&5
Using built-in specs.
COLLECT_GCC=g++
COLLECT_LTO_WRAPPER=/usr/lib/gcc/i686-linux-gnu/4.6/lto-wrapper
Target: i686-linux-gnu
Configured with: ../src/configure -v --with-pkgversion='Ubuntu/Linaro 4.6.3-1ubuntu5' --with-bugurl=file:///usr/share/doc/gcc-4.6/README.Bugs --enable-languages=c,c++,fortran,objc,obj-c++ --prefix=/usr --program-suffix=-4.6 --enable-shared --enable-linker-build-id --with-system-zlib --libexecdir=/usr/lib --without-included-gettext --enable-threads=posix --with-gxx-include-dir=/usr/include/c++/4.6 --libdir=/usr/lib --enable-nls --with-sysroot=/ --enable-clocale=gnu --enable-libstdcxx-debug --enable-libstdcxx-time=yes --enable-gnu-unique-object --enable-plugin --enable-objc-gc --enable-targets=all --disable-werror --with-arch-32=i686 --with-tune=generic --enable-checking=release --build=i686-linux-gnu --host=i686-linux-gnu --target=i686-linux-gnu
Thread model: posix
gcc version 4.6.3 (Ubuntu/Linaro 4.6.3-1ubuntu5) 
configure:12214: $? = 0
configure:12203: g++ -V >&5
g++: error: unrecognized option '-V'
g++: fatal error: no input files
compilation terminated.
configure:12214: $? = 4
configure:12203: g++ -qversion >&5
g++: error: unrecognized option '-qversion'
g++: fatal error: no input files
compilation terminated.
configure:12214: $? = 4
configure:12218: checking whether we are using the GNU C++ compiler
configure:12237: g++ -c   conftest.cpp >&5
configure:12237: $? = 0
configure:12246: result: yes
configure:12255: checking whether g++ accepts -g
configure:12275: g++ -c -g  conftest.cpp >&5
configure:12275: $? = 0
configure:12316: result: yes
configure:12341: checking dependency style of g++
configure:12452: result: gcc3
configure:12485: checking how to run the C++ preprocessor
configure:12512: g++ -E  conftest.cpp
configure:12512: $? = 0
configure:12526: g++ -E  conftest.cpp
conftest.cpp:23:28: fatal error: ac_nonexistent.h: No such file or directory
compilation terminated.
configure:12526: $? = 1
configure: failed program was:
| /* confdefs.h */
| #define PACKAGE_NAME "libmca"
| #define PACKAGE_TARNAME "libmca"
| #define PACKAGE_VERSION "1.0.1"
| #define PACKAGE_STRING "libmca 1.0.1"
| #define PACKAGE_BUGREPORT "michael.frechtling@sydney.edu.au"
| #define PACKAGE_URL ""
| #define PACKAGE "libmca"
| #define VERSION "1.0.1"
| #define STDC_HEADERS 1
| #define HAVE_SYS_TYPES_H 1
| #define HAVE_SYS_STAT_H 1
| #define HAVE_STDLIB_H 1
| #define HAVE_STRING_H 1
| #define HAVE_MEMORY_H 1
| #define HAVE_STRINGS_H 1
| #define HAVE_INTTYPES_H 1
| #define HAVE_STDINT_H 1
| #define HAVE_UNISTD_H 1
| #define HAVE_DLFCN_H 1
| #define LT_OBJDIR ".libs/"
| /* end confdefs.h.  */
| #include <ac_nonexistent.h>
configure:12551: result: g++ -E
configure:12571: g++ -E  conftest.cpp
configure:12571: $? = 0
configure:12585: g++ -E  conftest.cpp
conftest.cpp:23:28: fatal error: ac_nonexistent.h: No such file or directory
compilation terminated.
configure:12585: $? = 1
configure: failed program was:
| /* confdefs.h */
| #define PACKAGE_NAME "libmca"
| #define PACKAGE_TARNAME "libmca"
| #define PACKAGE_VERSION "1.0.1"
| #define PACKAGE_STRING "libmca 1.0.1"
| #define PACKAGE_BUGREPORT "michael.frechtling@sydney.edu.au"
| #define PACKAGE_URL ""
| #define PACKAGE "libmca"
| #define VERSION "1.0.1"
| #define STDC_HEADERS 1
| #define HAVE_SYS_TYPES_H 1
| #define HAVE_SYS_STAT_H 1
| #define HAVE_STDLIB_H 1
| #define HAVE_STRING_H 1
| #define HAVE_MEMORY_H 1
| #define HAVE_STRINGS_H 1
| #define HAVE_INTTYPES_H 1
| #define HAVE_STDINT_H 1
| #define HAVE_UNISTD_H 1
| #define HAVE_DLFCN_H 1
| #define LT_OBJDIR ".libs/"
| /* end confdefs.h.  */
| #include <ac_nonexistent.h>
configure:12754: checking for ld used by g++
configure:12821: result: /usr/bin/ld
configure:12828: checking if the linker (/usr/bin/ld) is GNU ld
configure:12843: result: yes
configure:12898: checking whether the g++ linker (/usr/bin/ld) supports shared libraries
configure:13903: result: yes
configure:13939: g++ -c -g -O2  conftest.cpp >&5
configure:13942: $? = 0
configure:14462: checking for g++ option to produce PIC
configure:14469: result: -fPIC -DPIC
configure:14477: checking if g++ PIC flag -fPIC -DPIC works
configure:14495: g++ -c -g -O2  -fPIC -DPIC -DPIC conftest.cpp >&5
configure:14499: $? = 0
configure:14512: result: yes
configure:14535: checking if g++ static flag -static works
configure:14563: result: yes
configure:14575: checking if g++ supports -c -o file.o
configure:14596: g++ -c -g -O2  -o out/conftest2.o conftest.cpp >&5
configure:14600: $? = 0
configure:14622: result: yes
configure:14627: checking if g++ supports -c -o file.o
configure:14674: result: yes
configure:14704: checking whether the g++ linker (/usr/bin/ld) supports shared libraries
configure:14743: result: yes
configure:14884: checking dynamic linker characteristics
configure:15563: result: GNU/Linux ld.so
configure:15616: checking how to hardcode library paths into programs
configure:15641: result: immediate
configure:15691: checking for cilly
configure:15707: found /usr/local/bin/cilly
configure:15718: result: cilly
configure:15731: checking for m4
configure:15747: found /usr/bin/m4
configure:15758: result: m4
configure:15771: checking for ocaml
configure:15787: found /usr/bin/ocaml
configure:15798: result: ocaml
configure:15811: checking for ocamlfind
configure:15827: found /usr/bin/ocamlfind
configure:15838: result: ocamlfind
configure:15852: checking for pow
configure:15852: gcc -o conftest -g -O2   conftest.c  >&5
conftest.c:46:6: warning: conflicting types for built-in function 'pow' [enabled by default]
/tmp/ccJQSm7q.o: In function `main':
/home/michael/Documents/Uni/SW_PROJ/mcalib/conftest.c:57: undefined reference to `pow'
collect2: ld returned 1 exit status
configure:15852: $? = 1
configure: failed program was:
| /* confdefs.h */
| #define PACKAGE_NAME "libmca"
| #define PACKAGE_TARNAME "libmca"
| #define PACKAGE_VERSION "1.0.1"
| #define PACKAGE_STRING "libmca 1.0.1"
| #define PACKAGE_BUGREPORT "michael.frechtling@sydney.edu.au"
| #define PACKAGE_URL ""
| #define PACKAGE "libmca"
| #define VERSION "1.0.1"
| #define STDC_HEADERS 1
| #define HAVE_SYS_TYPES_H 1
| #define HAVE_SYS_STAT_H 1
| #define HAVE_STDLIB_H 1
| #define HAVE_STRING_H 1
| #define HAVE_MEMORY_H 1
| #define HAVE_STRINGS_H 1
| #define HAVE_INTTYPES_H 1
| #define HAVE_STDINT_H 1
| #define HAVE_UNISTD_H 1
| #define HAVE_DLFCN_H 1
| #define LT_OBJDIR ".libs/"
| /* end confdefs.h.  */
| /* Define pow to an innocuous variant, in case <limits.h> declares pow.
|    For example, HP-UX 11i <limits.h> declares gettimeofday.  */
| #define pow innocuous_pow
| 
| /* System header to define __stub macros and hopefully few prototypes,
|     which can conflict with char pow (); below.
|     Prefer <limits.h> to <assert.h> if __STDC__ is defined, since
|     <limits.h> exists even on freestanding compilers.  */
| 
| #ifdef __STDC__
| # include <limits.h>
| #else
| # include <assert.h>
| #endif
| 
| #undef pow
| 
| /* Override any GCC internal prototype to avoid an error.
|    Use char because int might match the return type of a GCC
|    builtin and then its argument prototype would still apply.  */
| #ifdef __cplusplus
| extern "C"
| #endif
| char pow ();
| /* The GNU C library defines this for functions which it implements
|     to always fail with ENOSYS.  Some functions are actually named
|     something starting with __ and the normal name is an alias.  */
| #if defined __stub_pow || defined __stub___pow
| choke me
| #endif
| 
| int
| main ()
| {
| return pow ();
|   ;
|   return 0;
| }
configure:15852: result: no
configure:15852: checking for gettimeofday
configure:15852: gcc -o conftest -g -O2   conftest.c  >&5
configure:15852: $? = 0
configure:15852: result: yes
configure:15852: checking for rand
configure:15852: gcc -o conftest -g -O2   conftest.c  >&5
configure:15852: $? = 0
configure:15852: result: yes
configure:15861: checking for mpfr_clear in -lmpfr
configure:15886: gcc -o conftest -g -O2   conftest.c -lmpfr   >&5
configure:15886: $? = 0
configure:15895: result: yes
configure:15911: checking mpfr.h usability
configure:15911: gcc -c -g -O2  conftest.c >&5
configure:15911: $? = 0
configure:15911: result: yes
configure:15911: checking mpfr.h presence
configure:15911: gcc -E  conftest.c
configure:15911: $? = 0
configure:15911: result: yes
configure:15911: checking for mpfr.h
configure:15911: result: yes
configure:15924: checking for gsl_qrng_get in -lgsl
configure:15949: gcc -o conftest -g -O2   conftest.c -lgsl  -lmpfr  >&5
/usr/local/lib/libgsl.so: undefined reference to `cblas_dasum'
/usr/local/lib/libgsl.so: undefined reference to `cblas_sger'
/usr/local/lib/libgsl.so: undefined reference to `cblas_cdotc_sub'
/usr/local/lib/libgsl.so: undefined reference to `cblas_icamax'
/usr/local/lib/libgsl.so: undefined reference to `cblas_dsyrk'
/usr/local/lib/libgsl.so: undefined reference to `cblas_ztrsm'
/usr/local/lib/libgsl.so: undefined reference to `cblas_ssyrk'
/usr/local/lib/libgsl.so: undefined reference to `cblas_strmv'
/usr/local/lib/libgsl.so: undefined reference to `cblas_ctrmv'
/usr/local/lib/libgsl.so: undefined reference to `cblas_cherk'
/usr/local/lib/libgsl.so: undefined reference to `cblas_ccopy'
/usr/local/lib/libgsl.so: undefined reference to `cblas_cswap'
/usr/local/lib/libgsl.so: undefined reference to `cblas_dsyr2k'
/usr/local/lib/libgsl.so: undefined reference to `cblas_drot'
/usr/local/lib/libgsl.so: undefined reference to `cblas_dscal'
/usr/local/lib/libgsl.so: undefined reference to `cblas_sdsdot'
/usr/local/lib/libgsl.so: undefined reference to `cblas_zher'
/usr/local/lib/libgsl.so: undefined reference to `cblas_dgemv'
/usr/local/lib/libgsl.so: undefined reference to `cblas_cgeru'
/usr/local/lib/libgsl.so: undefined reference to `cblas_dsyr'
/usr/local/lib/libgsl.so: undefined reference to `cblas_zher2k'
/usr/local/lib/libgsl.so: undefined reference to `cblas_saxpy'
/usr/local/lib/libgsl.so: undefined reference to `cblas_izamax'
/usr/local/lib/libgsl.so: undefined reference to `cblas_dsdot'
/usr/local/lib/libgsl.so: undefined reference to `cblas_zgerc'
/usr/local/lib/libgsl.so: undefined reference to `cblas_dtrmv'
/usr/local/lib/libgsl.so: undefined reference to `cblas_daxpy'
/usr/local/lib/libgsl.so: undefined reference to `cblas_cgemm'
/usr/local/lib/libgsl.so: undefined reference to `cblas_scnrm2'
/usr/local/lib/libgsl.so: undefined reference to `cblas_ctrsv'
/usr/local/lib/libgsl.so: undefined reference to `cblas_ssyr2'
/usr/local/lib/libgsl.so: undefined reference to `cblas_zswap'
/usr/local/lib/libgsl.so: undefined reference to `cblas_srot'
/usr/local/lib/libgsl.so: undefined reference to `cblas_srotmg'
/usr/local/lib/libgsl.so: undefined reference to `cblas_ssyr'
/usr/local/lib/libgsl.so: undefined reference to `cblas_strsm'
/usr/local/lib/libgsl.so: undefined reference to `cblas_dsymv'
/usr/local/lib/libgsl.so: undefined reference to `cblas_zdscal'
/usr/local/lib/libgsl.so: undefined reference to `cblas_zdotc_sub'
/usr/local/lib/libgsl.so: undefined reference to `cblas_sgemv'
/usr/local/lib/libgsl.so: undefined reference to `cblas_dgemm'
/usr/local/lib/libgsl.so: undefined reference to `cblas_sswap'
/usr/local/lib/libgsl.so: undefined reference to `cblas_ztrmm'
/usr/local/lib/libgsl.so: undefined reference to `cblas_ssymv'
/usr/local/lib/libgsl.so: undefined reference to `cblas_zgeru'
/usr/local/lib/libgsl.so: undefined reference to `cblas_drotmg'
/usr/local/lib/libgsl.so: undefined reference to `cblas_zgemm'
/usr/local/lib/libgsl.so: undefined reference to `cblas_snrm2'
/usr/local/lib/libgsl.so: undefined reference to `cblas_dtrsv'
/usr/local/lib/libgsl.so: undefined reference to `cblas_zhemv'
/usr/local/lib/libgsl.so: undefined reference to `cblas_cher2'
/usr/local/lib/libgsl.so: undefined reference to `cblas_scasum'
/usr/local/lib/libgsl.so: undefined reference to `cblas_zher2'
/usr/local/lib/libgsl.so: undefined reference to `cblas_cdotu_sub'
/usr/local/lib/libgsl.so: undefined reference to `cblas_csymm'
/usr/local/lib/libgsl.so: undefined reference to `cblas_csyrk'
/usr/local/lib/libgsl.so: undefined reference to `cblas_dcopy'
/usr/local/lib/libgsl.so: undefined reference to `cblas_ctrmm'
/usr/local/lib/libgsl.so: undefined reference to `cblas_strmm'
/usr/local/lib/libgsl.so: undefined reference to `cblas_sasum'
/usr/local/lib/libgsl.so: undefined reference to `cblas_zaxpy'
/usr/local/lib/libgsl.so: undefined reference to `cblas_dsyr2'
/usr/local/lib/libgsl.so: undefined reference to `cblas_ztrsv'
/usr/local/lib/libgsl.so: undefined reference to `cblas_csscal'
/usr/local/lib/libgsl.so: undefined reference to `cblas_zsymm'
/usr/local/lib/libgsl.so: undefined reference to `cblas_dznrm2'
/usr/local/lib/libgsl.so: undefined reference to `cblas_dtrmm'
/usr/local/lib/libgsl.so: undefined reference to `cblas_cher2k'
/usr/local/lib/libgsl.so: undefined reference to `cblas_chemv'
/usr/local/lib/libgsl.so: undefined reference to `cblas_sscal'
/usr/local/lib/libgsl.so: undefined reference to `cblas_drotg'
/usr/local/lib/libgsl.so: undefined reference to `cblas_dnrm2'
/usr/local/lib/libgsl.so: undefined reference to `cblas_drotm'
/usr/local/lib/libgsl.so: undefined reference to `cblas_zcopy'
/usr/local/lib/libgsl.so: undefined reference to `cblas_srotg'
/usr/local/lib/libgsl.so: undefined reference to `cblas_cher'
/usr/local/lib/libgsl.so: undefined reference to `cblas_dger'
/usr/local/lib/libgsl.so: undefined reference to `cblas_cgemv'
/usr/local/lib/libgsl.so: undefined reference to `cblas_srotm'
/usr/local/lib/libgsl.so: undefined reference to `cblas_dswap'
/usr/local/lib/libgsl.so: undefined reference to `cblas_ddot'
/usr/local/lib/libgsl.so: undefined reference to `cblas_zsyr2k'
/usr/local/lib/libgsl.so: undefined reference to `cblas_dsymm'
/usr/local/lib/libgsl.so: undefined reference to `cblas_idamax'
/usr/local/lib/libgsl.so: undefined reference to `cblas_ztrmv'
/usr/local/lib/libgsl.so: undefined reference to `cblas_sdot'
/usr/local/lib/libgsl.so: undefined reference to `cblas_zherk'
/usr/local/lib/libgsl.so: undefined reference to `cblas_ssyr2k'
/usr/local/lib/libgsl.so: undefined reference to `cblas_ctrsm'
/usr/local/lib/libgsl.so: undefined reference to `cblas_dzasum'
/usr/local/lib/libgsl.so: undefined reference to `cblas_strsv'
/usr/local/lib/libgsl.so: undefined reference to `cblas_scopy'
/usr/local/lib/libgsl.so: undefined reference to `cblas_caxpy'
/usr/local/lib/libgsl.so: undefined reference to `cblas_zscal'
/usr/local/lib/libgsl.so: undefined reference to `cblas_cscal'
/usr/local/lib/libgsl.so: undefined reference to `cblas_csyr2k'
/usr/local/lib/libgsl.so: undefined reference to `cblas_ssymm'
/usr/local/lib/libgsl.so: undefined reference to `cblas_cgerc'
/usr/local/lib/libgsl.so: undefined reference to `cblas_isamax'
/usr/local/lib/libgsl.so: undefined reference to `cblas_dtrsm'
/usr/local/lib/libgsl.so: undefined reference to `cblas_chemm'
/usr/local/lib/libgsl.so: undefined reference to `cblas_zhemm'
/usr/local/lib/libgsl.so: undefined reference to `cblas_zgemv'
/usr/local/lib/libgsl.so: undefined reference to `cblas_zsyrk'
/usr/local/lib/libgsl.so: undefined reference to `cblas_sgemm'
/usr/local/lib/libgsl.so: undefined reference to `cblas_zdotu_sub'
collect2: ld returned 1 exit status
configure:15949: $? = 1
configure: failed program was:
| /* confdefs.h */
| #define PACKAGE_NAME "libmca"
| #define PACKAGE_TARNAME "libmca"
| #define PACKAGE_VERSION "1.0.1"
| #define PACKAGE_STRING "libmca 1.0.1"
| #define PACKAGE_BUGREPORT "michael.frechtling@sydney.edu.au"
| #define PACKAGE_URL ""
| #define PACKAGE "libmca"
| #define VERSION "1.0.1"
| #define STDC_HEADERS 1
| #define HAVE_SYS_TYPES_H 1
| #define HAVE_SYS_STAT_H 1
| #define HAVE_STDLIB_H 1
| #define HAVE_STRING_H 1
| #define HAVE_MEMORY_H 1
| #define HAVE_STRINGS_H 1
| #define HAVE_INTTYPES_H 1
| #define HAVE_STDINT_H 1
| #define HAVE_UNISTD_H 1
| #define HAVE_DLFCN_H 1
| #define LT_OBJDIR ".libs/"
| #define HAVE_GETTIMEOFDAY 1
| #define HAVE_RAND 1
| #define HAVE_LIBMPFR 1
| #define HAVE_MPFR_H 1
| /* end confdefs.h.  */
| 
| /* Override any GCC internal prototype to avoid an error.
|    Use char because int might match the return type of a GCC
|    builtin and then its argument prototype would still apply.  */
| #ifdef __cplusplus
| extern "C"
| #endif
| char gsl_qrng_get ();
| int
| main ()
| {
| return gsl_qrng_get ();
|   ;
|   return 0;
| }
configure:15958: result: no
configure:15969: checking for cblas_caxpy in -lgslcblas
configure:15994: gcc -o conftest -g -O2   conftest.c -lgslcblas  -lmpfr  >&5
configure:15994: $? = 0
configure:16003: result: yes
configure:16156: creating ./config.status

## ---------------- ##
## Cache variables. ##
## ---------------- ##

ac_cv_build=i686-pc-linux-gnu
ac_cv_c_compiler_gnu=yes
ac_cv_cxx_compiler_gnu=yes
ac_cv_env_CCC_set=
ac_cv_env_CCC_value=
ac_cv_env_CC_set=
ac_cv_env_CC_value=
ac_cv_env_CFLAGS_set=
ac_cv_env_CFLAGS_value=
ac_cv_env_CPPFLAGS_set=
ac_cv_env_CPPFLAGS_value=
ac_cv_env_CPP_set=
ac_cv_env_CPP_value=
ac_cv_env_CXXCPP_set=
ac_cv_env_CXXCPP_value=
ac_cv_env_CXXFLAGS_set=
ac_cv_env_CXXFLAGS_value=
ac_cv_env_CXX_set=
ac_cv_env_CXX_value=
ac_cv_env_LDFLAGS_set=
ac_cv_env_LDFLAGS_value=
ac_cv_env_LIBS_set=
ac_cv_env_LIBS_value=
ac_cv_env_build_alias_set=
ac_cv_env_build_alias_value=
ac_cv_env_host_alias_set=
ac_cv_env_host_alias_value=
ac_cv_env_target_alias_set=
ac_cv_env_target_alias_value=
ac_cv_func_gettimeofday=yes
ac_cv_func_pow=no
ac_cv_func_rand=yes
ac_cv_header_dlfcn_h=yes
ac_cv_header_inttypes_h=yes
ac_cv_header_memory_h=yes
ac_cv_header_mpfr_h=yes
ac_cv_header_stdc=yes
ac_cv_header_stdint_h=yes
ac_cv_header_stdlib_h=yes
ac_cv_header_string_h=yes
ac_cv_header_strings_h=yes
ac_cv_header_sys_stat_h=yes
ac_cv_header_sys_types_h=yes
ac_cv_header_unistd_h=yes
ac_cv_host=i686-pc-linux-gnu
ac_cv_lib_gsl_gsl_qrng_get=no
ac_cv_lib_gslcblas_cblas_caxpy=yes
ac_cv_lib_mpfr_mpfr_clear=yes
ac_cv_objext=o
ac_cv_path_EGREP='/bin/grep -E'
ac_cv_path_FGREP='/bin/grep -F'
ac_cv_path_GREP=/bin/grep
ac_cv_path_SED=/bin/sed
ac_cv_path_install='/usr/bin/install -c'
ac_cv_path_mkdir=/bin/mkdir
ac_cv_prog_AWK=gawk
ac_cv_prog_CILLY=cilly
ac_cv_prog_CPP='gcc -E'
ac_cv_prog_CXXCPP='g++ -E'
ac_cv_prog_M4=m4
ac_cv_prog_OCAML=ocaml
ac_cv_prog_OCAMLFIND=ocamlfind
ac_cv_prog_ac_ct_AR=ar
ac_cv_prog_ac_ct_CC=gcc
ac_cv_prog_ac_ct_CXX=g++
ac_cv_prog_ac_ct_MANIFEST_TOOL=mt
ac_cv_prog_ac_ct_OBJDUMP=objdump
ac_cv_prog_ac_ct_RANLIB=ranlib
ac_cv_prog_ac_ct_STRIP=strip
ac_cv_prog_cc_c89=
ac_cv_prog_cc_g=yes
ac_cv_prog_cxx_g=yes
ac_cv_prog_make_make_set=yes
am_cv_CC_dependencies_compiler_type=gcc3
am_cv_CXX_dependencies_compiler_type=gcc3
lt_cv_ar_at_file=@
lt_cv_archive_cmds_need_lc=no
lt_cv_deplibs_check_method=pass_all
lt_cv_file_magic_cmd='$MAGIC_CMD'
lt_cv_file_magic_test_file=
lt_cv_ld_reload_flag=-r
lt_cv_nm_interface='BSD nm'
lt_cv_objdir=.libs
lt_cv_path_LD=/usr/bin/ld
lt_cv_path_LDCXX=/usr/bin/ld
lt_cv_path_NM='/usr/bin/nm -B'
lt_cv_path_mainfest_tool=no
lt_cv_prog_compiler_c_o=yes
lt_cv_prog_compiler_c_o_CXX=yes
lt_cv_prog_compiler_pic='-fPIC -DPIC'
lt_cv_prog_compiler_pic_CXX='-fPIC -DPIC'
lt_cv_prog_compiler_pic_works=yes
lt_cv_prog_compiler_pic_works_CXX=yes
lt_cv_prog_compiler_rtti_exceptions=no
lt_cv_prog_compiler_static_works=yes
lt_cv_prog_compiler_static_works_CXX=yes
lt_cv_prog_gnu_ld=yes
lt_cv_prog_gnu_ldcxx=yes
lt_cv_sharedlib_from_linklib_cmd='printf %s\n'
lt_cv_shlibpath_overrides_runpath=no
lt_cv_sys_global_symbol_pipe='sed -n -e '\''s/^.*[	 ]\([ABCDGIRSTW][ABCDGIRSTW]*\)[	 ][	 ]*\([_A-Za-z][_A-Za-z0-9]*\)$/\1 \2 \2/p'\'' | sed '\''/ __gnu_lto/d'\'''
lt_cv_sys_global_symbol_to_c_name_address='sed -n -e '\''s/^: \([^ ]*\)[ ]*$/  {\"\1\", (void *) 0},/p'\'' -e '\''s/^[ABCDGIRSTW]* \([^ ]*\) \([^ ]*\)$/  {"\2", (void *) \&\2},/p'\'''
lt_cv_sys_global_symbol_to_c_name_address_lib_prefix='sed -n -e '\''s/^: \([^ ]*\)[ ]*$/  {\"\1\", (void *) 0},/p'\'' -e '\''s/^[ABCDGIRSTW]* \([^ ]*\) \(lib[^ ]*\)$/  {"\2", (void *) \&\2},/p'\'' -e '\''s/^[ABCDGIRSTW]* \([^ ]*\) \([^ ]*\)$/  {"lib\2", (void *) \&\2},/p'\'''
lt_cv_sys_global_symbol_to_cdecl='sed -n -e '\''s/^T .* \(.*\)$/extern int \1();/p'\'' -e '\''s/^[ABCDGIRSTW]* .* \(.*\)$/extern char \1;/p'\'''
lt_cv_sys_max_cmd_len=805306365
lt_cv_to_host_file_cmd=func_convert_file_noop
lt_cv_to_tool_file_cmd=func_convert_file_noop

## ----------------- ##
## Output variables. ##
## ----------------- ##

ACLOCAL='${SHELL} /home/michael/Documents/Uni/SW_PROJ/mcalib/missing --run aclocal-1.11'
AMDEPBACKSLASH='\'
AMDEP_FALSE='#'
AMDEP_TRUE=''
AMTAR='$${TAR-tar}'
AR='ar'
AUTOCONF='${SHELL} /home/michael/Documents/Uni/SW_PROJ/mcalib/missing --run autoconf'
AUTOHEADER='${SHELL} /home/michael/Documents/Uni/SW_PROJ/mcalib/missing --run autoheader'
AUTOMAKE='${SHELL} /home/michael/Documents/Uni/SW_PROJ/mcalib/missing --run automake-1.11'
AWK='gawk'
CC='gcc'
CCDEPMODE='depmode=gcc3'
CFLAGS='-g -O2'
CILLY='cilly'
CPP='gcc -E'
CPPFLAGS=''
CXX='g++'
CXXCPP='g++ -E'
CXXDEPMODE='depmode=gcc3'
CXXFLAGS='-g -O2'
CYGPATH_W='echo'
DEFS='-DHAVE_CONFIG_H'
DEPDIR='.deps'
DLLTOOL='false'
DSYMUTIL=''
DUMPBIN=''
ECHO_C=''
ECHO_N='-n'
ECHO_T=''
EGREP='/bin/grep -E'
EXEEXT=''
FGREP='/bin/grep -F'
GREP='/bin/grep'
INSTALL_DATA='${INSTALL} -m 644'
INSTALL_PROGRAM='${INSTALL}'
INSTALL_SCRIPT='${INSTALL}'
INSTALL_STRIP_PROGRAM='$(install_sh) -c -s'
LD='/usr/bin/ld'
LDFLAGS=''
LIBOBJS=''
LIBS='-lgslcblas -lmpfr '
LIBTOOL='$(SHELL) $(top_builddir)/libtool'
LIPO=''
LN_S='ln -s'
LTLIBOBJS=''
M4='m4'
MAKEINFO='${SHELL} /home/michael/Documents/Uni/SW_PROJ/mcalib/missing --run makeinfo'
MANIFEST_TOOL=':'
MKDIR_P='/bin/mkdir -p'
NM='/usr/bin/nm -B'
NMEDIT=''
OBJDUMP='objdump'
OBJEXT='o'
OCAML='ocaml'
OCAMLFIND='ocamlfind'
OTOOL64=''
OTOOL=''
PACKAGE='libmca'
PACKAGE_BUGREPORT='michael.frechtling@sydney.edu.au'
PACKAGE_NAME='libmca'
PACKAGE_STRING='libmca 1.0.1'
PACKAGE_TARNAME='libmca'
PACKAGE_URL=''
PACKAGE_VERSION='1.0.1'
PATH_SEPARATOR=':'
RANLIB='ranlib'
SED='/bin/sed'
SET_MAKE=''
SHELL='/bin/bash'
STRIP='strip'
VERSION='1.0.1'
ac_ct_AR='ar'
ac_ct_CC='gcc'
ac_ct_CXX='g++'
ac_ct_DUMPBIN=''
am__EXEEXT_FALSE=''
am__EXEEXT_TRUE='#'
am__fastdepCC_FALSE='#'
am__fastdepCC_TRUE=''
am__fastdepCXX_FALSE='#'
am__fastdepCXX_TRUE=''
am__include='include'
am__isrc=''
am__leading_dot='.'
am__nodep='_no'
am__quote=''
am__tar='$${TAR-tar} chof - "$$tardir"'
am__untar='$${TAR-tar} xf -'
bindir='${exec_prefix}/bin'
build='i686-pc-linux-gnu'
build_alias=''
build_cpu='i686'
build_os='linux-gnu'
build_vendor='pc'
datadir='${datarootdir}'
datarootdir='${prefix}/share'
docdir='${datarootdir}/doc/${PACKAGE_TARNAME}'
dvidir='${docdir}'
exec_prefix='${prefix}'
host='i686-pc-linux-gnu'
host_alias=''
host_cpu='i686'
host_os='linux-gnu'
host_vendor='pc'
htmldir='${docdir}'
includedir='${prefix}/include'
infodir='${datarootdir}/info'
install_sh='${SHELL} /home/michael/Documents/Uni/SW_PROJ/mcalib/install-sh'
libdir='${exec_prefix}/lib'
libexecdir='${exec_prefix}/libexec'
localedir='${datarootdir}/locale'
localstatedir='${prefix}/var'
mandir='${datarootdir}/man'
mkdir_p='/bin/mkdir -p'
oldincludedir='/usr/include'
pdfdir='${docdir}'
prefix='/usr/local'
program_transform_name='s,x,x,'
psdir='${docdir}'
sbindir='${exec_prefix}/sbin'
sharedstatedir='${prefix}/com'
sysconfdir='${prefix}/etc'
target_alias=''

## ----------- ##
## confdefs.h. ##
## ----------- ##

/* confdefs.h */
#define PACKAGE_NAME "libmca"
#define PACKAGE_TARNAME "libmca"
#define PACKAGE_VERSION "1.0.1"
#define PACKAGE_STRING "libmca 1.0.1"
#define PACKAGE_BUGREPORT "michael.frechtling@sydney.edu.au"
#define PACKAGE_URL ""
#define PACKAGE "libmca"
#define VERSION "1.0.1"
#define STDC_HEADERS 1
#define HAVE_SYS_TYPES_H 1
#define HAVE_SYS_STAT_H 1
#define HAVE_STDLIB_H 1
#define HAVE_STRING_H 1
#define HAVE_MEMORY_H 1
#define HAVE_STRINGS_H 1
#define HAVE_INTTYPES_H 1
#define HAVE_STDINT_H 1
#define HAVE_UNISTD_H 1
#define HAVE_DLFCN_H 1
#define LT_OBJDIR ".libs/"
#define HAVE_GETTIMEOFDAY 1
#define HAVE_RAND 1
#define HAVE_LIBMPFR 1
#define HAVE_MPFR_H 1
#define HAVE_LIBGSLCBLAS 1

configure: exit 0

## ---------------------- ##
## Running config.status. ##
## ---------------------- ##

This file was extended by libmca config.status 1.0.1, which was
generated by GNU Autoconf 2.68.  Invocation command line was

  CONFIG_FILES    = 
  CONFIG_HEADERS  = 
  CONFIG_LINKS    = 
  CONFIG_COMMANDS = 
  $ ./config.status 

on mfre7704

config.status:1163: creating Makefile
config.status:1163: creating src/Makefile
config.status:1163: creating doc/Makefile
config.status:1163: creating tests/Makefile
config.status:1163: creating config.h
config.status:1344: config.h is unchanged
config.status:1392: executing depfiles commands
config.status:1392: executing libtool commands

## ---------------------- ##
## Running config.status. ##
## ---------------------- ##

This file was extended by libmca config.status 1.0.1, which was
generated by GNU Autoconf 2.68.  Invocation command line was

  CONFIG_FILES    = 
  CONFIG_HEADERS  = 
  CONFIG_LINKS    = 
  CONFIG_COMMANDS = 
  $ ./config.status config.h

on mfre7704

config.status:1163: creating config.h
config.status:1344: config.h is unchanged
